<?xml version="1.0" encoding="UTF-8"?>
<!-- Generated by org.testng.reporters.JUnitXMLReporter -->
<testsuite hostname="LAPTOP-5HLIGGH5" name="Xceltech" tests="7" failures="0" timestamp="1 Dec 2018 19:31:19 GMT" time="107.092" errors="0">
  <testcase name="validateUsersLabel" time="0.046" classname="com.xcelTechCRM.qa.TestCase.TestHome"/>
  <testcase name="ClickingContacts" time="1.08" classname="com.xcelTechCRM.qa.TestCase.TestHome"/>
  <testcase name="clickingContactsspecific" time="1.583" classname="com.xcelTechCRM.qa.TestCase.TestHome"/>
  <testcase name="Titlevalidation" time="0.013" classname="com.xcelTechCRM.qa.TestCase.TestLogin"/>
  <testcase name="TestInsertUserName" time="9.211" classname="com.xcelTechCRM.qa.TestCase.TestLogin"/>
  <testcase name="VerifyContactslabel" time="0.033" classname="com.xcelTechCRM.qa.TestCase.TestContacts"/>
  <testcase name="NewContacts" time="0.511" classname="com.xcelTechCRM.qa.TestCase.TestContacts">
    <skipped/>
  </testcase> <!-- NewContacts -->
</testsuite> <!-- Xceltech -->
