<?xml version="1.0" encoding="UTF-8"?>
<!-- Generated by org.testng.reporters.JUnitXMLReporter -->
<testsuite hostname="LAPTOP-5HLIGGH5" name="Default test" tests="2" failures="0" timestamp="12 Dec 2018 19:03:59 GMT" time="30.836" errors="0">
  <testcase name="VerifyContactslabel" time="0.041" classname="com.xcelTechCRM.qa.TestCase.TestContacts"/>
  <testcase name="NewContacts" time="1.192" classname="com.xcelTechCRM.qa.TestCase.TestContacts">
    <skipped/>
  </testcase> <!-- NewContacts -->
</testsuite> <!-- Default test -->
